#
# A fatal error has been detected by the Java Runtime Environment:
#
#  SIGSEGV (0xb) at pc=0x00007f3799e10060, pid=32522, tid=139877621425920
#
# JRE version: Java(TM) SE Runtime Environment (8.0_25-b17) (build 1.8.0_25-b17)
# Java VM: Java HotSpot(TM) 64-Bit Server VM (25.25-b02 mixed mode linux-amd64 compressed oops)
# Problematic frame:
# C  0x00007f3799e10060
#
# Failed to write core dump. Core dumps have been disabled. To enable core dumping, try "ulimit -c unlimited" before starting Java again
#
# If you would like to submit a bug report, please visit:
#   http://bugreport.sun.com/bugreport/crash.jsp
#

---------------  T H R E A D  ---------------

Current thread (0x0000000002812800):  JavaThread "qtp932944224-27" [_thread_in_Java, id=32553, stack(0x00007f37cbdfe000,0x00007f37cbeff000)]

siginfo: si_signo: 11 (SIGSEGV), si_code: 1 (SEGV_MAPERR), si_addr: 0x00007f3799e10060

Registers:
RAX=0x00007f37d38c40e0, RBX=0x00007f37d38c40e0, RCX=0x00000000d6531660, RDX=0x0000000000000002
RSP=0x00007f37cbefca28, RBP=0x00007f37cbefca88, RSI=0x00000000d6531660, RDI=0x00000000d6531660
R8 =0x00000000000018eb, R9 =0x0000000000000001, R10=0x00007f37e9847440, R11=0x00007f37d8f8c3a0
R12=0x0000000000000000, R13=0x00007f37cbefca38, R14=0x00007f37cbefcab0, R15=0x0000000002812800
RIP=0x00007f3799e10060, EFLAGS=0x0000000000010206, CSGSFS=0x0000000000000033, ERR=0x0000000000000014
  TRAPNO=0x000000000000000e

Top of Stack: (sp=0x00007f37cbefca28)
0x00007f37cbefca28:   00007f37d8e12160 00007f37d8e12160
0x00007f37cbefca38:   0000000000000002 00000000d6531660
0x00007f37cbefca48:   00007f37cbefca48 00007f37d38c7a1a
0x00007f37cbefca58:   00007f37cbefcab0 00007f37d38c8850
0x00007f37cbefca68:   00007f37d02c6860 00007f37d38c7a90
0x00007f37cbefca78:   00007f37cbefca38 00007f37cbefcac0
0x00007f37cbefca88:   00007f37cbefcbc8 00007f37d9100f04
0x00007f37cbefca98:   0000000000000000 0000000000000000
0x00007f37cbefcaa8:   000000010000005b 00000000d6531660
0x00007f37cbefcab8:   00007f37d9100f04 00007f37cbefcac0
0x00007f37cbefcac8:   00007f37d38f1a88 00007f37cbefcb40
0x00007f37cbefcad8:   00007f37d38f3ce8 00007f37cbefcb40
0x00007f37cbefcae8:   00007f37d8e123d0 00007f37d8e123d0
0x00007f37cbefcaf8:   00000000d6531438 00007f37cbefcb00
0x00007f37cbefcb08:   0000000100081460 0000000002812800
0x00007f37cbefcb18:   0000000000000001 0000000002812800
0x00007f37cbefcb28:   00000000d6531660 0000000000000001
0x00007f37cbefcb38:   0000005b00000000 0000000100000000
0x00007f37cbefcb48:   00007f37d8e12710 0000000000000000
0x00007f37cbefcb58:   0000000000000000 00007f37cbefcbc8
0x00007f37cbefcb68:   00007f37d8e12710 00007f37cbefcc18
0x00007f37cbefcb78:   00007f37d8e12710 00000000d6531660
0x00007f37cbefcb88:   00007f37cbefcb88 00007f37d38c4fae
0x00007f37cbefcb98:   00007f37cbefcc10 00007f37d38c8850
0x00007f37cbefcba8:   00007f37d02c50f8 00007f37d38c5120
0x00007f37cbefcbb8:   00007f37cbefcb80 00007f37cbefcc08
0x00007f37cbefcbc8:   00007f37cbefcc58 00007f37d8e12710
0x00007f37cbefcbd8:   0000000000000000 0000000000000000
0x00007f37cbefcbe8:   000000000000005b 0000000000000000
0x00007f37cbefcbf8:   0000000000000000 0000000000000000
0x00007f37cbefcc08:   00000000d85f1d90 00000000d6531660
0x00007f37cbefcc18:   00007f37cbefcc18 00007f37d38c4d7c 

Instructions: (pc=0x00007f3799e10060)
0x00007f3799e10040:   
[error occurred during error reporting (printing registers, top of stack, instructions near pc), id 0xb]

Register to memory mapping:

RAX={method} {0x00007f37d38c40e0} 'has' '(I)Z' in 'java/util/regex/Pattern'
RBX={method} {0x00007f37d38c40e0} 'has' '(I)Z' in 'java/util/regex/Pattern'
RCX=0x00000000d6531660 is an oop
java.util.regex.Pattern 
 - klass: 'java/util/regex/Pattern'
RDX=0x0000000000000002 is an unknown value
RSP=0x00007f37cbefca28 is pointing into the stack for thread: 0x0000000002812800
RBP=0x00007f37cbefca88 is pointing into the stack for thread: 0x0000000002812800
RSI=0x00000000d6531660 is an oop
java.util.regex.Pattern 
 - klass: 'java/util/regex/Pattern'
RDI=0x00000000d6531660 is an oop
java.util.regex.Pattern 
 - klass: 'java/util/regex/Pattern'
R8 =0x00000000000018eb is an unknown value
R9 =0x0000000000000001 is an unknown value
R10=0x00007f37e9847440: <offset 0xf5c440> in /gpfs/main/course/cs032/bin/jdk1.8.0_25/jre/lib/amd64/server/libjvm.so at 0x00007f37e88eb000
R11=0x00007f37d8f8c3a0 is at entry_point+32 in (nmethod*)0x00007f37d8f8c210
R12=0x0000000000000000 is an unknown value
R13=0x00007f37cbefca38 is pointing into the stack for thread: 0x0000000002812800
R14=0x00007f37cbefcab0 is pointing into the stack for thread: 0x0000000002812800
R15=0x0000000002812800 is a thread


Stack: [0x00007f37cbdfe000,0x00007f37cbeff000],  sp=0x00007f37cbefca28,  free space=1018k
Native frames: (J=compiled Java code, j=interpreted, Vv=VM code, C=native code)
C  0x00007f3799e10060
J 825 C1 java.util.regex.Pattern.atom()Ljava/util/regex/Pattern$Node; (379 bytes) @ 0x00007f37d9100f04 [0x00007f37d90ffe20+0x10e4]
C  0x0000000100000000


---------------  P R O C E S S  ---------------

Java Threads: ( => current thread )
=>0x0000000002812800 JavaThread "qtp932944224-27" [_thread_in_Java, id=32553, stack(0x00007f37cbdfe000,0x00007f37cbeff000)]
  0x000000000280c000 JavaThread "qtp932944224-26" [_thread_blocked, id=32552, stack(0x00007f37cbeff000,0x00007f37cc000000)]
  0x00007f37c4226000 JavaThread "qtp932944224-24" [_thread_blocked, id=32550, stack(0x00007f37d011a000,0x00007f37d021b000)]
  0x00000000027c7800 JavaThread "Scheduler-2117416009" [_thread_blocked, id=32549, stack(0x00007f37d041b000,0x00007f37d051c000)]
  0x00007f37c4178800 JavaThread "HashSessionScavenger-0" daemon [_thread_blocked, id=32547, stack(0x00007f37d0b44000,0x00007f37d0c45000)]
  0x00007f37c4174800 JavaThread "qtp932944224-21" [_thread_blocked, id=32546, stack(0x00007f37d0c45000,0x00007f37d0d46000)]
  0x00007f37c4173000 JavaThread "qtp932944224-20-acceptor-0-ServerConnector@fd56ea9{HTTP/1.1}{0.0.0.0:8585}" [_thread_in_native, id=32545, stack(0x00007f37d0d46000,0x00007f37d0e47000)]
  0x00007f37c4171800 JavaThread "qtp932944224-19-selector-3" [_thread_in_native, id=32544, stack(0x00007f37d0e47000,0x00007f37d0f48000)]
  0x00007f37c416f800 JavaThread "qtp932944224-18-selector-2" [_thread_in_native, id=32543, stack(0x00007f37d0f48000,0x00007f37d1049000)]
  0x00007f37c416e000 JavaThread "qtp932944224-17-selector-1" [_thread_in_native, id=32542, stack(0x00007f37d1049000,0x00007f37d114a000)]
  0x00007f37c416c000 JavaThread "qtp932944224-16" [_thread_blocked, id=32541, stack(0x00007f37d114a000,0x00007f37d124b000)]
  0x00007f37c416a800 JavaThread "qtp932944224-15-selector-0" [_thread_in_native, id=32540, stack(0x00007f37d124b000,0x00007f37d134c000)]
  0x00007f37c4166800 JavaThread "qtp932944224-14-acceptor-1-ServerConnector@fd56ea9{HTTP/1.1}{0.0.0.0:8585}" [_thread_blocked, id=32539, stack(0x00007f37d134c000,0x00007f37d144d000)]
  0x00007f37c4156000 JavaThread "DateCache" daemon [_thread_blocked, id=32538, stack(0x00007f37d144d000,0x00007f37d154e000)]
  0x00007f37c412e000 JavaThread "DestroyJavaVM" [_thread_blocked, id=32523, stack(0x00007f37ea311000,0x00007f37ea412000)]
  0x00007f37c4131000 JavaThread "Thread-1" [_thread_blocked, id=32537, stack(0x00007f37d1550000,0x00007f37d1651000)]
  0x00007f37cc0db800 JavaThread "Service Thread" daemon [_thread_blocked, id=32535, stack(0x00007f37d1a6e000,0x00007f37d1b6f000)]
  0x00007f37cc08a000 JavaThread "C1 CompilerThread2" daemon [_thread_blocked, id=32534, stack(0x00007f37d1b6f000,0x00007f37d1c70000)]
  0x00007f37cc088000 JavaThread "C2 CompilerThread1" daemon [_thread_blocked, id=32533, stack(0x00007f37d1c70000,0x00007f37d1d71000)]
  0x00007f37cc085000 JavaThread "C2 CompilerThread0" daemon [_thread_blocked, id=32532, stack(0x00007f37d1d71000,0x00007f37d1e72000)]
  0x00007f37cc083000 JavaThread "Signal Dispatcher" daemon [_thread_blocked, id=32531, stack(0x00007f37d1e72000,0x00007f37d1f73000)]
  0x00007f37cc056800 JavaThread "Finalizer" daemon [_thread_blocked, id=32530, stack(0x00007f37d1f73000,0x00007f37d2074000)]
  0x00007f37cc054800 JavaThread "Reference Handler" daemon [_thread_blocked, id=32529, stack(0x00007f37d2074000,0x00007f37d2175000)]

Other Threads:
  0x00007f37cc04d000 VMThread [stack: 0x00007f37d2175000,0x00007f37d2276000] [id=32528]
  0x00007f37cc0de000 WatcherThread [stack: 0x00007f37d196d000,0x00007f37d1a6e000] [id=32536]

VM state:synchronizing (normal execution)

VM Mutex/Monitor currently owned by a thread:  ([mutex/lock_event])
[0x000000000254bdd0] Safepoint_lock - owner thread: 0x00007f37cc04d000
[0x000000000254be50] Threads_lock - owner thread: 0x00007f37cc04d000

Heap:
 PSYoungGen      total 37888K, used 5764K [0x00000000d6500000, 0x00000000d8f00000, 0x0000000100000000)
  eden space 32768K, 2% used [0x00000000d6500000,0x00000000d65a6bf8,0x00000000d8500000)
  from space 5120K, 99% used [0x00000000d8500000,0x00000000d89fa538,0x00000000d8a00000)
  to   space 5120K, 0% used [0x00000000d8a00000,0x00000000d8a00000,0x00000000d8f00000)
 ParOldGen       total 86016K, used 1326K [0x0000000082e00000, 0x0000000088200000, 0x00000000d6500000)
  object space 86016K, 1% used [0x0000000082e00000,0x0000000082f4b978,0x0000000088200000)
 Metaspace       used 12265K, capacity 12376K, committed 12544K, reserved 1060864K
  class space    used 1407K, capacity 1432K, committed 1536K, reserved 1048576K

Card table byte_map: [0x00007f37d8661000,0x00007f37d8a4b000] byte_map_base: 0x00007f37d824a000

Marking Bits: (ParMarkBitMap*) 0x00007f37e98452c0
 Begin Bits: [0x00007f37d4131000, 0x00007f37d6079000)
 End Bits:   [0x00007f37d6079000, 0x00007f37d7fc1000)

Polling page: 0x00007f37ea44c000

CodeCache: size=245760Kb used=3039Kb max_used=3050Kb free=242720Kb
 bounds [0x00007f37d8e0b000, 0x00007f37d910b000, 0x00007f37e7e0b000]
 total_blobs=1195 nmethods=820 adapters=291
 compilation: enabled

Compilation events (10 events):
Event: 6.188 Thread 0x00007f37cc088000 nmethod 819 0x00007f37d91051d0 code [0x00007f37d9105360, 0x00007f37d91056f8]
Event: 6.188 Thread 0x00007f37cc088000  821       4       java.util.regex.Pattern$Single::isSatisfiedBy (14 bytes)
Event: 6.188 Thread 0x00007f37cc088000 nmethod 821 0x00007f37d90fca90 code [0x00007f37d90fcbe0, 0x00007f37d90fcc58]
Event: 6.188 Thread 0x00007f37cc088000  823       4       java.util.regex.Pattern::nextEscaped (19 bytes)
Event: 6.206 Thread 0x00007f37cc085000 nmethod 809 0x00007f37d9103110 code [0x00007f37d91032a0, 0x00007f37d9103838]
Event: 6.210 Thread 0x00007f37cc088000 nmethod 823 0x00007f37d9105d90 code [0x00007f37d9105ee0, 0x00007f37d9105f98]
Event: 6.210 Thread 0x00007f37cc088000  837       4       java.util.regex.Pattern::has (15 bytes)
Event: 6.211 Thread 0x00007f37cc088000 nmethod 837 0x00007f37d9105b50 code [0x00007f37d9105ca0, 0x00007f37d9105d18]
Event: 6.211 Thread 0x00007f37cc088000  836       4       java.util.regex.Pattern::peek (26 bytes)
Event: 6.212 Thread 0x00007f37cc088000 nmethod 836 0x00007f37d9102ad0 code [0x00007f37d9102c20, 0x00007f37d9102ce8]

GC Heap History (2 events):
Event: 6.188 GC heap before
{Heap before GC invocations=1 (full 0):
 PSYoungGen      total 37888K, used 32768K [0x00000000d6500000, 0x00000000d8f00000, 0x0000000100000000)
  eden space 32768K, 100% used [0x00000000d6500000,0x00000000d8500000,0x00000000d8500000)
  from space 5120K, 0% used [0x00000000d8a00000,0x00000000d8a00000,0x00000000d8f00000)
  to   space 5120K, 0% used [0x00000000d8500000,0x00000000d8500000,0x00000000d8a00000)
 ParOldGen       total 86016K, used 0K [0x0000000082e00000, 0x0000000088200000, 0x00000000d6500000)
  object space 86016K, 0% used [0x0000000082e00000,0x0000000082e00000,0x0000000088200000)
 Metaspace       used 12233K, capacity 12312K, committed 12544K, reserved 1060864K
  class space    used 1405K, capacity 1432K, committed 1536K, reserved 1048576K
Event: 6.205 GC heap after
Heap after GC invocations=1 (full 0):
 PSYoungGen      total 37888K, used 5097K [0x00000000d6500000, 0x00000000d8f00000, 0x0000000100000000)
  eden space 32768K, 0% used [0x00000000d6500000,0x00000000d6500000,0x00000000d8500000)
  from space 5120K, 99% used [0x00000000d8500000,0x00000000d89fa538,0x00000000d8a00000)
  to   space 5120K, 0% used [0x00000000d8a00000,0x00000000d8a00000,0x00000000d8f00000)
 ParOldGen       total 86016K, used 1326K [0x0000000082e00000, 0x0000000088200000, 0x00000000d6500000)
  object space 86016K, 1% used [0x0000000082e00000,0x0000000082f4b978,0x0000000088200000)
 Metaspace       used 12233K, capacity 12312K, committed 12544K, reserved 1060864K
  class space    used 1405K, capacity 1432K, committed 1536K, reserved 1048576K
}

Deoptimization events (0 events):
No events

Internal exceptions (10 events):
Event: 3.195 Thread 0x00007f37c4174800 Exception <a 'java/security/PrivilegedActionException'> (0x00000000d8363878) thrown at [/HUDSON/workspace/8-2-build-linux-amd64/jdk8u25/1514/hotspot/src/share/vm/prims/jvm.cpp, line 1312]
Event: 3.196 Thread 0x00007f37c4174800 Exception <a 'java/security/PrivilegedActionException'> (0x00000000d8367240) thrown at [/HUDSON/workspace/8-2-build-linux-amd64/jdk8u25/1514/hotspot/src/share/vm/prims/jvm.cpp, line 1312]
Event: 3.196 Thread 0x00007f37c4174800 Exception <a 'java/security/PrivilegedActionException'> (0x00000000d836ab18) thrown at [/HUDSON/workspace/8-2-build-linux-amd64/jdk8u25/1514/hotspot/src/share/vm/prims/jvm.cpp, line 1312]
Event: 3.197 Thread 0x00007f37c4226000 Exception <a 'java/security/PrivilegedActionException'> (0x00000000d81abdf8) thrown at [/HUDSON/workspace/8-2-build-linux-amd64/jdk8u25/1514/hotspot/src/share/vm/prims/jvm.cpp, line 1312]
Event: 6.146 Thread 0x0000000002812800 Exception <a 'java/security/PrivilegedActionException'> (0x00000000d83e58b8) thrown at [/HUDSON/workspace/8-2-build-linux-amd64/jdk8u25/1514/hotspot/src/share/vm/prims/jvm.cpp, line 1312]
Event: 6.152 Thread 0x0000000002812800 Exception <a 'java/security/PrivilegedActionException'> (0x00000000d8405238) thrown at [/HUDSON/workspace/8-2-build-linux-amd64/jdk8u25/1514/hotspot/src/share/vm/prims/jvm.cpp, line 1312]
Event: 6.152 Thread 0x0000000002812800 Exception <a 'java/security/PrivilegedActionException'> (0x00000000d8407558) thrown at [/HUDSON/workspace/8-2-build-linux-amd64/jdk8u25/1514/hotspot/src/share/vm/prims/jvm.cpp, line 1312]
Event: 6.152 Thread 0x0000000002812800 Exception <a 'java/security/PrivilegedActionException'> (0x00000000d840a3c8) thrown at [/HUDSON/workspace/8-2-build-linux-amd64/jdk8u25/1514/hotspot/src/share/vm/prims/jvm.cpp, line 1312]
Event: 6.152 Thread 0x0000000002812800 Exception <a 'java/security/PrivilegedActionException'> (0x00000000d840c850) thrown at [/HUDSON/workspace/8-2-build-linux-amd64/jdk8u25/1514/hotspot/src/share/vm/prims/jvm.cpp, line 1312]
Event: 6.206 Thread 0x00007f37cc056800 Exception <a 'java/security/PrivilegedActionException'> (0x00000000d65551f0) thrown at [/HUDSON/workspace/8-2-build-linux-amd64/jdk8u25/1514/hotspot/src/share/vm/prims/jvm.cpp, line 1312]

Events (10 events):
Event: 6.159 loading class java/net/SocketInputStream done
Event: 6.161 loading class sun/net/www/protocol/http/HttpURLConnection$HttpInputStream
Event: 6.161 loading class sun/net/www/protocol/http/HttpURLConnection$HttpInputStream done
Event: 6.188 Executing VM operation: ParallelGCFailedAllocation
Event: 6.205 Executing VM operation: ParallelGCFailedAllocation done
Event: 6.206 loading class org/sqlite/SQLiteErrorCode
Event: 6.206 loading class org/sqlite/SQLiteErrorCode done
Event: 6.207 loading class java/sql/SQLWarning
Event: 6.208 loading class java/sql/SQLWarning done
Event: 6.212 Executing VM operation: RevokeBias


Dynamic libraries:
00400000-00401000 r-xp 00000000 00:14 138267735                          /gpfs/main/course/cs032/bin/jdk1.8.0_25/bin/java
00600000-00601000 rw-p 00000000 00:14 138267735                          /gpfs/main/course/cs032/bin/jdk1.8.0_25/bin/java
02543000-028fe000 rw-p 00000000 00:00 0                                  [heap]
82e00000-88200000 rw-p 00000000 00:00 0 
88200000-d6500000 ---p 00000000 00:00 0 
d6500000-d8f00000 rw-p 00000000 00:00 0 
d8f00000-100000000 ---p 00000000 00:00 0 
100000000-100180000 rw-p 00000000 00:00 0 
100180000-140000000 ---p 00000000 00:00 0 
7f37c4000000-7f37c4473000 rw-p 00000000 00:00 0 
7f37c4473000-7f37c8000000 ---p 00000000 00:00 0 
7f37cbbbb000-7f37cbbc6000 r-xp 00000000 fe:00 2224                       /lib/x86_64-linux-gnu/libnss_files-2.13.so
7f37cbbc6000-7f37cbdc5000 ---p 0000b000 fe:00 2224                       /lib/x86_64-linux-gnu/libnss_files-2.13.so
7f37cbdc5000-7f37cbdc6000 r--p 0000a000 fe:00 2224                       /lib/x86_64-linux-gnu/libnss_files-2.13.so
7f37cbdc6000-7f37cbdc7000 rw-p 0000b000 fe:00 2224                       /lib/x86_64-linux-gnu/libnss_files-2.13.so
7f37cbdfe000-7f37cbe01000 ---p 00000000 00:00 0 
7f37cbe01000-7f37cbeff000 rw-p 00000000 00:00 0 
7f37cbeff000-7f37cbf02000 ---p 00000000 00:00 0 
7f37cbf02000-7f37cc000000 rw-p 00000000 00:00 0 
7f37cc000000-7f37cc605000 rw-p 00000000 00:00 0 
7f37cc605000-7f37d0000000 ---p 00000000 00:00 0 
7f37d0019000-7f37d001c000 ---p 00000000 00:00 0 
7f37d001c000-7f37d011a000 rw-p 00000000 00:00 0 
7f37d011a000-7f37d011d000 ---p 00000000 00:00 0 
7f37d011d000-7f37d02db000 rw-p 00000000 00:00 0 
7f37d02db000-7f37d041b000 ---p 00000000 00:00 0 
7f37d041b000-7f37d041e000 ---p 00000000 00:00 0 
7f37d041e000-7f37d071c000 rw-p 00000000 00:00 0 
7f37d071c000-7f37d072d000 r-xp 00000000 00:14 136611464                  /gpfs/main/course/cs032/bin/jdk1.8.0_25/jre/lib/amd64/libnio.so
7f37d072d000-7f37d092c000 ---p 00011000 00:14 136611464                  /gpfs/main/course/cs032/bin/jdk1.8.0_25/jre/lib/amd64/libnio.so
7f37d092c000-7f37d092d000 rw-p 00010000 00:14 136611464                  /gpfs/main/course/cs032/bin/jdk1.8.0_25/jre/lib/amd64/libnio.so
7f37d092d000-7f37d0943000 r-xp 00000000 00:14 136610987                  /gpfs/main/course/cs032/bin/jdk1.8.0_25/jre/lib/amd64/libnet.so
7f37d0943000-7f37d0b43000 ---p 00016000 00:14 136610987                  /gpfs/main/course/cs032/bin/jdk1.8.0_25/jre/lib/amd64/libnet.so
7f37d0b43000-7f37d0b44000 rw-p 00016000 00:14 136610987                  /gpfs/main/course/cs032/bin/jdk1.8.0_25/jre/lib/amd64/libnet.so
7f37d0b44000-7f37d0b47000 ---p 00000000 00:00 0 
7f37d0b47000-7f37d0c45000 rw-p 00000000 00:00 0 
7f37d0c45000-7f37d0c48000 ---p 00000000 00:00 0 
7f37d0c48000-7f37d0d46000 rw-p 00000000 00:00 0 
7f37d0d46000-7f37d0d49000 ---p 00000000 00:00 0 
7f37d0d49000-7f37d0e47000 rw-p 00000000 00:00 0 
7f37d0e47000-7f37d0e4a000 ---p 00000000 00:00 0 
7f37d0e4a000-7f37d0f48000 rw-p 00000000 00:00 0 
7f37d0f48000-7f37d0f4b000 ---p 00000000 00:00 0 
7f37d0f4b000-7f37d1049000 rw-p 00000000 00:00 0 
7f37d1049000-7f37d104c000 ---p 00000000 00:00 0 
7f37d104c000-7f37d114a000 rw-p 00000000 00:00 0 
7f37d114a000-7f37d114d000 ---p 00000000 00:00 0 
7f37d114d000-7f37d124b000 rw-p 00000000 00:00 0 
7f37d124b000-7f37d124e000 ---p 00000000 00:00 0 
7f37d124e000-7f37d134c000 rw-p 00000000 00:00 0 
7f37d134c000-7f37d134f000 ---p 00000000 00:00 0 
7f37d134f000-7f37d144d000 rw-p 00000000 00:00 0 
7f37d144d000-7f37d1450000 ---p 00000000 00:00 0 
7f37d1450000-7f37d154e000 rw-p 00000000 00:00 0 
7f37d154e000-7f37d1550000 r--s 0001a000 00:14 135783392                  /gpfs/main/course/cs032/bin/jdk1.8.0_25/jre/lib/jce.jar
7f37d1550000-7f37d1553000 ---p 00000000 00:00 0 
7f37d1553000-7f37d1651000 rw-p 00000000 00:00 0 
7f37d1651000-7f37d1705000 r-xp 00000000 fe:04 59                         /tmp/sqlite-3.8.7-72cd0035-0363-4947-a590-a46b16909c28-libsqlitejdbc.so
7f37d1705000-7f37d1905000 ---p 000b4000 fe:04 59                         /tmp/sqlite-3.8.7-72cd0035-0363-4947-a590-a46b16909c28-libsqlitejdbc.so
7f37d1905000-7f37d190a000 rw-p 000b4000 fe:04 59                         /tmp/sqlite-3.8.7-72cd0035-0363-4947-a590-a46b16909c28-libsqlitejdbc.so
7f37d190a000-7f37d190e000 r--s 00093000 00:14 136611567                  /gpfs/main/course/cs032/bin/jdk1.8.0_25/jre/lib/jsse.jar
7f37d190e000-7f37d192a000 r--s 00393000 00:14 136611667                  /gpfs/main/course/cs032/bin/jdk1.8.0_25/jre/lib/ext/cldrdata.jar
7f37d192a000-7f37d1934000 r--s 00116000 00:14 136611642                  /gpfs/main/course/cs032/bin/jdk1.8.0_25/jre/lib/ext/localedata.jar
7f37d1934000-7f37d1937000 r--s 003c4000 00:18 13693093                   /gpfs/nbu/people/dshieble/.m2/repository/org/xerial/sqlite-jdbc/3.8.7/sqlite-jdbc-3.8.7.jar
7f37d1937000-7f37d1948000 r--s 000d3000 00:18 12865438                   /gpfs/nbu/people/dshieble/.m2/repository/org/freemarker/freemarker/2.3.19/freemarker-2.3.19.jar
7f37d1948000-7f37d194b000 r--s 00014000 00:18 13693011                   /gpfs/nbu/people/dshieble/.m2/repository/org/eclipse/jetty/jetty-security/9.0.2.v20130417/jetty-security-9.0.2.v20130417.jar
7f37d194b000-7f37d194d000 r--s 00018000 00:18 12865372                   /gpfs/nbu/people/dshieble/.m2/repository/org/eclipse/jetty/jetty-servlet/9.0.2.v20130417/jetty-servlet-9.0.2.v20130417.jar
7f37d194d000-7f37d194f000 r--s 00009000 00:18 12865266                   /gpfs/nbu/people/dshieble/.m2/repository/org/eclipse/jetty/jetty-xml/9.0.2.v20130417/jetty-xml-9.0.2.v20130417.jar
7f37d194f000-7f37d1952000 r--s 00019000 00:18 13693437                   /gpfs/nbu/people/dshieble/.m2/repository/org/eclipse/jetty/jetty-webapp/9.0.2.v20130417/jetty-webapp-9.0.2.v20130417.jar
7f37d1952000-7f37d1955000 r--s 00012000 00:18 12865356                   /gpfs/nbu/people/dshieble/.m2/repository/org/eclipse/jetty/jetty-io/9.0.2.v20130417/jetty-io-9.0.2.v20130417.jar
7f37d1955000-7f37d195a000 r--s 0004c000 00:18 12865348                   /gpfs/nbu/people/dshieble/.m2/repository/org/eclipse/jetty/jetty-util/9.0.2.v20130417/jetty-util-9.0.2.v20130417.jar
7f37d195a000-7f37d195d000 r--s 00017000 00:18 12865320                   /gpfs/nbu/people/dshieble/.m2/repository/org/eclipse/jetty/jetty-http/9.0.2.v20130417/jetty-http-9.0.2.v20130417.jar
7f37d195d000-7f37d1960000 r--s 0002e000 00:18 12865347                   /gpfs/nbu/people/dshieble/.m2/repository/org/eclipse/jetty/orbit/javax.servlet/3.0.0.v201112011016/javax.servlet-3.0.0.v201112011016.jar
7f37d1960000-7f37d1965000 r--s 0004d000 00:18 12865336                   /gpfs/nbu/people/dshieble/.m2/repository/org/eclipse/jetty/jetty-server/9.0.2.v20130417/jetty-server-9.0.2.v20130417.jar
7f37d1965000-7f37d196a000 r--s 0002f000 00:18 12865327                   /gpfs/nbu/people/dshieble/.m2/repository/com/google/code/gson/gson/2.3.1/gson-2.3.1.jar
7f37d196a000-7f37d196d000 r--s 000f9000 00:15 258128077                  /gpfs/main/home/dshieble/course/cs032/maps/potential-octo-hipster/target/maps-1.0.jar
7f37d196d000-7f37d196e000 ---p 00000000 00:00 0 
7f37d196e000-7f37d1a6e000 rw-p 00000000 00:00 0 
7f37d1a6e000-7f37d1a71000 ---p 00000000 00:00 0 
7f37d1a71000-7f37d1b6f000 rw-p 00000000 00:00 0 
7f37d1b6f000-7f37d1b72000 ---p 00000000 00:00 0 
7f37d1b72000-7f37d1c70000 rw-p 00000000 00:00 0 
7f37d1c70000-7f37d1c73000 ---p 00000000 00:00 0 
7f37d1c73000-7f37d1d71000 rw-p 00000000 00:00 0 
7f37d1d71000-7f37d1d74000 ---p 00000000 00:00 0 
7f37d1d74000-7f37d1e72000 rw-p 00000000 00:00 0 
7f37d1e72000-7f37d1e75000 ---p 00000000 00:00 0 
7f37d1e75000-7f37d1f73000 rw-p 00000000 00:00 0 
7f37d1f73000-7f37d1f76000 ---p 00000000 00:00 0 
7f37d1f76000-7f37d2074000 rw-p 00000000 00:00 0 
7f37d2074000-7f37d2077000 ---p 00000000 00:00 0 
7f37d2077000-7f37d2175000 rw-p 00000000 00:00 0 
7f37d2175000-7f37d2176000 ---p 00000000 00:00 0 
7f37d2176000-7f37d3279000 rw-p 00000000 00:00 0 
7f37d3279000-7f37d344f000 r--s 03caa000 00:14 136611550                  /gpfs/main/course/cs032/bin/jdk1.8.0_25/jre/lib/rt.jar
7f37d344f000-7f37d7fc1000 rw-p 00000000 00:00 0 
7f37d7fc1000-7f37d7fc2000 ---p 00000000 00:00 0 
7f37d7fc2000-7f37d80c2000 rw-p 00000000 00:00 0 
7f37d80c2000-7f37d80c3000 ---p 00000000 00:00 0 
7f37d80c3000-7f37d81c3000 rw-p 00000000 00:00 0 
7f37d81c3000-7f37d81c4000 ---p 00000000 00:00 0 
7f37d81c4000-7f37d82c4000 rw-p 00000000 00:00 0 
7f37d82c4000-7f37d82c5000 ---p 00000000 00:00 0 
7f37d82c5000-7f37d83ef000 rw-p 00000000 00:00 0 
7f37d83ef000-7f37d8661000 ---p 00000000 00:00 0 
7f37d8661000-7f37d868b000 rw-p 00000000 00:00 0 
7f37d868b000-7f37d88fc000 ---p 00000000 00:00 0 
7f37d88fc000-7f37d8912000 rw-p 00000000 00:00 0 
7f37d8912000-7f37d8a4a000 ---p 00000000 00:00 0 
7f37d8a4a000-7f37d8a57000 rw-p 00000000 00:00 0 
7f37d8a57000-7f37d8e0b000 ---p 00000000 00:00 0 
7f37d8e0b000-7f37d910b000 rwxp 00000000 00:00 0 
7f37d910b000-7f37e7e0b000 ---p 00000000 00:00 0 
7f37e7e0b000-7f37e7e25000 r-xp 00000000 00:14 136610880                  /gpfs/main/course/cs032/bin/jdk1.8.0_25/jre/lib/amd64/libzip.so
7f37e7e25000-7f37e8025000 ---p 0001a000 00:14 136610880                  /gpfs/main/course/cs032/bin/jdk1.8.0_25/jre/lib/amd64/libzip.so
7f37e8025000-7f37e8026000 rw-p 0001a000 00:14 136610880                  /gpfs/main/course/cs032/bin/jdk1.8.0_25/jre/lib/amd64/libzip.so
7f37e8026000-7f37e8050000 r-xp 00000000 00:14 136610822                  /gpfs/main/course/cs032/bin/jdk1.8.0_25/jre/lib/amd64/libjava.so
7f37e8050000-7f37e8250000 ---p 0002a000 00:14 136610822                  /gpfs/main/course/cs032/bin/jdk1.8.0_25/jre/lib/amd64/libjava.so
7f37e8250000-7f37e8252000 rw-p 0002a000 00:14 136610822                  /gpfs/main/course/cs032/bin/jdk1.8.0_25/jre/lib/amd64/libjava.so
7f37e8252000-7f37e825f000 r-xp 00000000 00:14 136610855                  /gpfs/main/course/cs032/bin/jdk1.8.0_25/jre/lib/amd64/libverify.so
7f37e825f000-7f37e845f000 ---p 0000d000 00:14 136610855                  /gpfs/main/course/cs032/bin/jdk1.8.0_25/jre/lib/amd64/libverify.so
7f37e845f000-7f37e8461000 rw-p 0000d000 00:14 136610855                  /gpfs/main/course/cs032/bin/jdk1.8.0_25/jre/lib/amd64/libverify.so
7f37e8461000-7f37e8468000 r-xp 00000000 fe:00 2258                       /lib/x86_64-linux-gnu/librt-2.13.so
7f37e8468000-7f37e8667000 ---p 00007000 fe:00 2258                       /lib/x86_64-linux-gnu/librt-2.13.so
7f37e8667000-7f37e8668000 r--p 00006000 fe:00 2258                       /lib/x86_64-linux-gnu/librt-2.13.so
7f37e8668000-7f37e8669000 rw-p 00007000 fe:00 2258                       /lib/x86_64-linux-gnu/librt-2.13.so
7f37e8669000-7f37e86ea000 r-xp 00000000 fe:00 2222                       /lib/x86_64-linux-gnu/libm-2.13.so
7f37e86ea000-7f37e88e9000 ---p 00081000 fe:00 2222                       /lib/x86_64-linux-gnu/libm-2.13.so
7f37e88e9000-7f37e88ea000 r--p 00080000 fe:00 2222                       /lib/x86_64-linux-gnu/libm-2.13.so
7f37e88ea000-7f37e88eb000 rw-p 00081000 fe:00 2222                       /lib/x86_64-linux-gnu/libm-2.13.so
7f37e88eb000-7f37e9558000 r-xp 00000000 00:14 136611394                  /gpfs/main/course/cs032/bin/jdk1.8.0_25/jre/lib/amd64/server/libjvm.so
7f37e9558000-7f37e9757000 ---p 00c6d000 00:14 136611394                  /gpfs/main/course/cs032/bin/jdk1.8.0_25/jre/lib/amd64/server/libjvm.so
7f37e9757000-7f37e982d000 rw-p 00c6c000 00:14 136611394                  /gpfs/main/course/cs032/bin/jdk1.8.0_25/jre/lib/amd64/server/libjvm.so
7f37e982d000-7f37e9870000 rw-p 00000000 00:00 0 
7f37e9870000-7f37e99f1000 r-xp 00000000 fe:00 2230                       /lib/x86_64-linux-gnu/libc-2.13.so
7f37e99f1000-7f37e9bf1000 ---p 00181000 fe:00 2230                       /lib/x86_64-linux-gnu/libc-2.13.so
7f37e9bf1000-7f37e9bf5000 r--p 00181000 fe:00 2230                       /lib/x86_64-linux-gnu/libc-2.13.so
7f37e9bf5000-7f37e9bf6000 rw-p 00185000 fe:00 2230                       /lib/x86_64-linux-gnu/libc-2.13.so
7f37e9bf6000-7f37e9bfb000 rw-p 00000000 00:00 0 
7f37e9bfb000-7f37e9bfd000 r-xp 00000000 fe:00 2237                       /lib/x86_64-linux-gnu/libdl-2.13.so
7f37e9bfd000-7f37e9dfd000 ---p 00002000 fe:00 2237                       /lib/x86_64-linux-gnu/libdl-2.13.so
7f37e9dfd000-7f37e9dfe000 r--p 00002000 fe:00 2237                       /lib/x86_64-linux-gnu/libdl-2.13.so
7f37e9dfe000-7f37e9dff000 rw-p 00003000 fe:00 2237                       /lib/x86_64-linux-gnu/libdl-2.13.so
7f37e9dff000-7f37e9e14000 r-xp 00000000 00:14 174988983                  /gpfs/main/course/cs032/bin/jdk1.8.0_25/lib/amd64/jli/libjli.so
7f37e9e14000-7f37ea013000 ---p 00015000 00:14 174988983                  /gpfs/main/course/cs032/bin/jdk1.8.0_25/lib/amd64/jli/libjli.so
7f37ea013000-7f37ea014000 rw-p 00014000 00:14 174988983                  /gpfs/main/course/cs032/bin/jdk1.8.0_25/lib/amd64/jli/libjli.so
7f37ea014000-7f37ea02b000 r-xp 00000000 fe:00 2260                       /lib/x86_64-linux-gnu/libpthread-2.13.so
7f37ea02b000-7f37ea22a000 ---p 00017000 fe:00 2260                       /lib/x86_64-linux-gnu/libpthread-2.13.so
7f37ea22a000-7f37ea22b000 r--p 00016000 fe:00 2260                       /lib/x86_64-linux-gnu/libpthread-2.13.so
7f37ea22b000-7f37ea22c000 rw-p 00017000 fe:00 2260                       /lib/x86_64-linux-gnu/libpthread-2.13.so
7f37ea22c000-7f37ea230000 rw-p 00000000 00:00 0 
7f37ea230000-7f37ea250000 r-xp 00000000 fe:00 2248                       /lib/x86_64-linux-gnu/ld-2.13.so
7f37ea251000-7f37ea252000 r--s 00000000 00:18 13693105                   /gpfs/nbu/people/dshieble/.m2/repository/com/sparkjava/spark-template-freemarker/2.0.0/spark-template-freemarker-2.0.0.jar
7f37ea252000-7f37ea27d000 r--s 001fc000 00:18 12865285                   /gpfs/nbu/people/dshieble/.m2/repository/com/google/guava/guava/18.0/guava-18.0.jar
7f37ea27d000-7f37ea27e000 r--s 00001000 00:18 12865312                   /gpfs/nbu/people/dshieble/.m2/repository/org/slf4j/slf4j-jdk14/1.7.7/slf4j-jdk14-1.7.7.jar
7f37ea27e000-7f37ea280000 r--s 00006000 00:18 12865314                   /gpfs/nbu/people/dshieble/.m2/repository/org/slf4j/slf4j-api/1.7.7/slf4j-api-1.7.7.jar
7f37ea280000-7f37ea286000 r--s 00045000 00:18 13693258                   /gpfs/nbu/people/dshieble/.m2/repository/org/hamcrest/hamcrest-all/1.3/hamcrest-all-1.3.jar
7f37ea286000-7f37ea288000 r--s 00009000 00:18 13693661                   /gpfs/nbu/people/dshieble/.m2/repository/org/hamcrest/hamcrest-core/1.3/hamcrest-core-1.3.jar
7f37ea288000-7f37ea28e000 r--s 00036000 00:18 13693494                   /gpfs/nbu/people/dshieble/.m2/repository/junit/junit/4.11/junit-4.11.jar
7f37ea28e000-7f37ea311000 r--s 00000000 00:0e 7436                       /run/nscd/db9VZyP6 (deleted)
7f37ea311000-7f37ea314000 ---p 00000000 00:00 0 
7f37ea314000-7f37ea416000 rw-p 00000000 00:00 0 
7f37ea416000-7f37ea419000 r--s 0000d000 00:18 12865309                   /gpfs/nbu/people/dshieble/.m2/repository/com/sparkjava/spark-core/2.0.0/spark-core-2.0.0.jar
7f37ea419000-7f37ea41b000 r--s 0000e000 00:18 12865357                   /gpfs/nbu/people/dshieble/.m2/repository/net/sf/jopt-simple/jopt-simple/4.8/jopt-simple-4.8.jar
7f37ea41b000-7f37ea443000 rw-p 00000000 00:00 0 
7f37ea443000-7f37ea44b000 rw-s 00000000 fe:04 52                         /tmp/hsperfdata_dshieble/32522
7f37ea44b000-7f37ea44c000 rw-p 00000000 00:00 0 
7f37ea44c000-7f37ea44d000 ---p 00000000 00:00 0 
7f37ea44d000-7f37ea44f000 rw-p 00000000 00:00 0 
7f37ea44f000-7f37ea450000 r--p 0001f000 fe:00 2248                       /lib/x86_64-linux-gnu/ld-2.13.so
7f37ea450000-7f37ea451000 rw-p 00020000 fe:00 2248                       /lib/x86_64-linux-gnu/ld-2.13.so
7f37ea451000-7f37ea452000 rw-p 00000000 00:00 0 
7ffe7f6aa000-7ffe7f6cb000 rw-p 00000000 00:00 0                          [stack]
7ffe7f7bb000-7ffe7f7bc000 r-xp 00000000 00:00 0                          [vdso]
ffffffffff600000-ffffffffff601000 r-xp 00000000 00:00 0                  [vsyscall]

VM Arguments:
java_command: edu.brown.cs.dshieble.maps.Main --gui /course/cs032/data/maps/smallMaps.sqlite3
java_class_path (initial): target/maps-1.0.jar:/home/dshieble/.m2/repository/net/sf/jopt-simple/jopt-simple/4.8/jopt-simple-4.8.jar:/home/dshieble/.m2/repository/junit/junit/4.11/junit-4.11.jar:/home/dshieble/.m2/repository/org/hamcrest/hamcrest-core/1.3/hamcrest-core-1.3.jar:/home/dshieble/.m2/repository/org/hamcrest/hamcrest-all/1.3/hamcrest-all-1.3.jar:/home/dshieble/.m2/repository/org/slf4j/slf4j-api/1.7.7/slf4j-api-1.7.7.jar:/home/dshieble/.m2/repository/org/slf4j/slf4j-jdk14/1.7.7/slf4j-jdk14-1.7.7.jar:/home/dshieble/.m2/repository/com/google/guava/guava/18.0/guava-18.0.jar:/home/dshieble/.m2/repository/com/google/code/gson/gson/2.3.1/gson-2.3.1.jar:/home/dshieble/.m2/repository/com/sparkjava/spark-core/2.0.0/spark-core-2.0.0.jar:/home/dshieble/.m2/repository/org/eclipse/jetty/jetty-server/9.0.2.v20130417/jetty-server-9.0.2.v20130417.jar:/home/dshieble/.m2/repository/org/eclipse/jetty/orbit/javax.servlet/3.0.0.v201112011016/javax.servlet-3.0.0.v201112011016.jar:/home/dshieble/.m2/repository/org/eclipse/jetty/jetty-http/9.0.2.v20130417/jetty-http-9.0.2.v20130417.jar:/home/dshieble/.m2/repository/org/eclipse/jetty/jetty-util/9.0.2.v20130417/jetty-util-9.0.2.v20130417.jar:/home/dshieble/.m2/repository/org/eclipse/jetty/jetty-io/9.0.2.v20130417/jetty-io-9.0.2.v20130417.jar:/home/dshieble/.m2/repository/org/eclipse/jetty/jetty-webapp/9.0.2.v20130417/jetty-webapp-9.0.2.v20130417.jar:/home/dshieble/.m2/repository/org/eclipse/jetty/jetty-xml/9.0.2.v20130417/jetty-xml-9.0.2.v20130417.jar:/home/dshieble/.m2/repository/org/eclipse/jetty/jetty-servlet/9.0.2.v20130417/jetty-servlet-9.0.2.v20130417.jar:/home/dshieble/.m2/repository/org/eclipse/jetty/jetty-security/9.0.2.v20130417/jetty-security-9.0.2.v20130417.jar:/home/dshieble/.m2/repository/com/sparkjava/spark-template-freemarker/2.0.0/spark-template-freemarker-2.0.0.jar:/home/dshieble/.m2/repository/org/freemarker/freemarker/2.3.19/freemarker-2.3.19.jar:/home/dshieble/.m2/repository/org/xerial/sqlite-jdbc/3.8.7/sqlite
Launcher Type: SUN_STANDARD

Environment Variables:
PATH=/course/cs032/bin:/local/bin:/usr/local/bin:/bin:/usr/bin:/usr/X11R6/bin:/usr/games:/contrib/bin:/course/cs051/bin:/course/cs032/bin:/course/cs141/bin:/course/cs157/bin:/course/cs004/tabin:/course/cs004/bin:/admin/tasupport/bin:/course/cs053/tabin:/course/cs053/bin
SHELL=/bin/bash
DISPLAY=:0.0

Signal Handlers:
SIGSEGV: [libjvm.so+0xa79a80], sa_mask[0]=11111111011111111101111111111110, sa_flags=SA_RESTART|SA_SIGINFO
SIGBUS: [libjvm.so+0xa79a80], sa_mask[0]=11111111011111111101111111111110, sa_flags=SA_RESTART|SA_SIGINFO
SIGFPE: [libjvm.so+0x8e24e0], sa_mask[0]=11111111011111111101111111111110, sa_flags=SA_RESTART|SA_SIGINFO
SIGPIPE: [libjvm.so+0x8e24e0], sa_mask[0]=11111111011111111101111111111110, sa_flags=SA_RESTART|SA_SIGINFO
SIGXFSZ: [libjvm.so+0x8e24e0], sa_mask[0]=11111111011111111101111111111110, sa_flags=SA_RESTART|SA_SIGINFO
SIGILL: [libjvm.so+0x8e24e0], sa_mask[0]=11111111011111111101111111111110, sa_flags=SA_RESTART|SA_SIGINFO
SIGUSR1: SIG_DFL, sa_mask[0]=00000000000000000000000000000000, sa_flags=none
SIGUSR2: [libjvm.so+0x8e3d10], sa_mask[0]=00000000000000000000000000000000, sa_flags=SA_RESTART|SA_SIGINFO
SIGHUP: [libjvm.so+0x8e50d0], sa_mask[0]=11111111011111111101111111111110, sa_flags=SA_RESTART|SA_SIGINFO
SIGINT: [libjvm.so+0x8e50d0], sa_mask[0]=11111111011111111101111111111110, sa_flags=SA_RESTART|SA_SIGINFO
SIGTERM: [libjvm.so+0x8e50d0], sa_mask[0]=11111111011111111101111111111110, sa_flags=SA_RESTART|SA_SIGINFO
SIGQUIT: [libjvm.so+0x8e50d0], sa_mask[0]=11111111011111111101111111111110, sa_flags=SA_RESTART|SA_SIGINFO


---------------  S Y S T E M  ---------------

OS:PRETTY_NAME="Debian GNU/Linux 7 (wheezy)"
NAME="Debian GNU/Linux"
VERSION_ID="7"
VERSION="7 (wheezy)"
ID=debian
ANSI_COLOR="1;31"
HOME_URL="http://www.debian.org/"
SUPPORT_URL="http://www.debian.org/support/"
BUG_REPORT_URL="http://bugs.debian.org/"

uname:Linux 3.2.0-4-amd64 #1 SMP Debian 3.2.65-1+deb7u2 x86_64
libc:glibc 2.13 NPTL 2.13 
rlimit: STACK 8192k, CORE 0k, NPROC 63961, NOFILE 4096, AS infinity
load average:0.67 1.17 1.40

/proc/meminfo:
MemTotal:        8199880 kB
MemFree:         2428104 kB
Buffers:          375068 kB
Cached:          3334688 kB
SwapCached:            4 kB
Active:          3514424 kB
Inactive:        1909432 kB
Active(anon):    1610036 kB
Inactive(anon):   127652 kB
Active(file):    1904388 kB
Inactive(file):  1781780 kB
Unevictable:           0 kB
Mlocked:               0 kB
SwapTotal:       8388604 kB
SwapFree:        8388592 kB
Dirty:            305520 kB
Writeback:             0 kB
AnonPages:       1714500 kB
Mapped:           235120 kB
Shmem:             23504 kB
Slab:             250704 kB
SReclaimable:     217720 kB
SUnreclaim:        32984 kB
KernelStack:        3632 kB
PageTables:        23464 kB
NFS_Unstable:          0 kB
Bounce:                0 kB
WritebackTmp:          0 kB
CommitLimit:    12488544 kB
Committed_AS:    3709564 kB
VmallocTotal:   34359738367 kB
VmallocUsed:      326588 kB
VmallocChunk:   34359403516 kB
HardwareCorrupted:     0 kB
AnonHugePages:         0 kB
HugePages_Total:       0
HugePages_Free:        0
HugePages_Rsvd:        0
HugePages_Surp:        0
Hugepagesize:       2048 kB
DirectMap4k:      140864 kB
DirectMap2M:     8247296 kB


CPU:total 4 (4 cores per cpu, 1 threads per core) family 6 model 15 stepping 11, cmov, cx8, fxsr, mmx, sse, sse2, sse3, ssse3, tsc

/proc/cpuinfo:
processor	: 0
vendor_id	: GenuineIntel
cpu family	: 6
model		: 15
model name	: Intel(R) Core(TM)2 Quad CPU    Q6600  @ 2.40GHz
stepping	: 11
microcode	: 0xb6
cpu MHz		: 2399.444
cache size	: 4096 KB
physical id	: 0
siblings	: 4
core id		: 0
cpu cores	: 4
apicid		: 0
initial apicid	: 0
fpu		: yes
fpu_exception	: yes
cpuid level	: 10
wp		: yes
flags		: fpu vme de pse tsc msr pae mce cx8 apic sep mtrr pge mca cmov pat pse36 clflush dts acpi mmx fxsr sse sse2 ss ht tm pbe syscall nx lm constant_tsc arch_perfmon pebs bts rep_good nopl aperfmperf pni dtes64 monitor ds_cpl vmx est tm2 ssse3 cx16 xtpr pdcm lahf_lm dtherm tpr_shadow vnmi flexpriority
bogomips	: 4798.88
clflush size	: 64
cache_alignment	: 64
address sizes	: 36 bits physical, 48 bits virtual
power management:

processor	: 1
vendor_id	: GenuineIntel
cpu family	: 6
model		: 15
model name	: Intel(R) Core(TM)2 Quad CPU    Q6600  @ 2.40GHz
stepping	: 11
microcode	: 0xb6
cpu MHz		: 2399.444
cache size	: 4096 KB
physical id	: 0
siblings	: 4
core id		: 1
cpu cores	: 4
apicid		: 1
initial apicid	: 1
fpu		: yes
fpu_exception	: yes
cpuid level	: 10
wp		: yes
flags		: fpu vme de pse tsc msr pae mce cx8 apic sep mtrr pge mca cmov pat pse36 clflush dts acpi mmx fxsr sse sse2 ss ht tm pbe syscall nx lm constant_tsc arch_perfmon pebs bts rep_good nopl aperfmperf pni dtes64 monitor ds_cpl vmx est tm2 ssse3 cx16 xtpr pdcm lahf_lm dtherm tpr_shadow vnmi flexpriority
bogomips	: 4800.22
clflush size	: 64
cache_alignment	: 64
address sizes	: 36 bits physical, 48 bits virtual
power management:

processor	: 2
vendor_id	: GenuineIntel
cpu family	: 6
model		: 15
model name	: Intel(R) Core(TM)2 Quad CPU    Q6600  @ 2.40GHz
stepping	: 11
microcode	: 0xb6
cpu MHz		: 2399.444
cache size	: 4096 KB
physical id	: 0
siblings	: 4
core id		: 2
cpu cores	: 4
apicid		: 2
initial apicid	: 2
fpu		: yes
fpu_exception	: yes
cpuid level	: 10
wp		: yes
flags		: fpu vme de pse tsc msr pae mce cx8 apic sep mtrr pge mca cmov pat pse36 clflush dts acpi mmx fxsr sse sse2 ss ht tm pbe syscall nx lm constant_tsc arch_perfmon pebs bts rep_good nopl aperfmperf pni dtes64 monitor ds_cpl vmx est tm2 ssse3 cx16 xtpr pdcm lahf_lm dtherm tpr_shadow vnmi flexpriority
bogomips	: 4800.29
clflush size	: 64
cache_alignment	: 64
address sizes	: 36 bits physical, 48 bits virtual
power management:

processor	: 3
vendor_id	: GenuineIntel
cpu family	: 6
model		: 15
model name	: Intel(R) Core(TM)2 Quad CPU    Q6600  @ 2.40GHz
stepping	: 11
microcode	: 0xb6
cpu MHz		: 2399.444
cache size	: 4096 KB
physical id	: 0
siblings	: 4
core id		: 3
cpu cores	: 4
apicid		: 3
initial apicid	: 3
fpu		: yes
fpu_exception	: yes
cpuid level	: 10
wp		: yes
flags		: fpu vme de pse tsc msr pae mce cx8 apic sep mtrr pge mca cmov pat pse36 clflush dts acpi mmx fxsr sse sse2 ss ht tm pbe syscall nx lm constant_tsc arch_perfmon pebs bts rep_good nopl aperfmperf pni dtes64 monitor ds_cpl vmx est tm2 ssse3 cx16 xtpr pdcm lahf_lm dtherm tpr_shadow vnmi flexpriority
bogomips	: 4800.25
clflush size	: 64
cache_alignment	: 64
address sizes	: 36 bits physical, 48 bits virtual
power management:



Memory: 4k page, physical 8199880k(2428104k free), swap 8388604k(8388592k free)

vm_info: Java HotSpot(TM) 64-Bit Server VM (25.25-b02) for linux-amd64 JRE (1.8.0_25-b17), built on Sep 17 2014 17:32:11 by "java_re" with gcc 4.3.0 20080428 (Red Hat 4.3.0-8)

time: Thu Apr  9 22:16:13 2015
elapsed time: 6 seconds (0d 0h 0m 6s)

